[INFO] 12:39:01:799 ESI/(17656:17656): Se inicio cargo correctamente el archivo de configuración.
[INFO] 12:39:01:799 ESI/(17656:17656): Archivo de configuracion leido correctamente
[INFO] 12:39:01:799 ESI/(17656:17656): Se inicio inicializaron las listas correctamente.
[INFO] 12:39:01:799 ESI/(17656:17656): Se inicio un hilo para cargar todos los esis al Sistema.
[INFO] 12:39:03:800 ESI/(17656:17658): Cargo correctamente el nuevo archivo. Se va a proceder a procesarlo.
[INFO] 12:39:03:800 ESI/(17656:17656): Para el ESI con el id: 001, se ejecuto el comando GET, para la clave futbol:messi
[INFO] 12:39:04:301 ESI/(17656:17656): Para el ESI con el id: 001, se ejecuto el comando SET, para la clave futbol:messi y el valor TraemeLaCopa
[INFO] 12:39:04:802 ESI/(17656:17656): Para el ESI con el id: 001, se ejecuto el comando STORE, para la clave futbol:messi
[INFO] 12:39:05:800 ESI/(17656:17658): Cargo correctamente el nuevo archivo. Se va a proceder a procesarlo.
[INFO] 12:39:05:804 ESI/(17656:17656): Para el ESI con el id: 002, se ejecuto el comando GET, para la clave futbol:ansaldi
[INFO] 12:39:06:305 ESI/(17656:17656): Para el ESI con el id: 002, se ejecuto el comando SET, para la clave futbol:ansaldi y el valor TraeVodka
[INFO] 12:39:06:805 ESI/(17656:17656): Para el ESI con el id: 002, se ejecuto el comando GET, para la clave futbol:messi
[INFO] 12:39:07:305 ESI/(17656:17656): Para el ESI con el id: 002, se ejecuto el comando SET, para la clave futbol:messi y el valor TraemeLaCopa
[INFO] 12:39:07:800 ESI/(17656:17658): Cargo correctamente el nuevo archivo. Se va a proceder a procesarlo.
[INFO] 12:39:07:805 ESI/(17656:17656): Para el ESI con el id: 002, se ejecuto el comando SET, para la clave futbol:messi y el valor TraemeLaCo
[INFO] 12:39:08:306 ESI/(17656:17656): Para el ESI con el id: 002, se ejecuto el comando SET, para la clave futbol:messi y el valor TraemeLaCopa
[INFO] 12:39:08:806 ESI/(17656:17656): Para el ESI con el id: 002, se ejecuto el comando SET, para la clave futbol:messi y el valor TraemeLaCo
[INFO] 12:39:09:306 ESI/(17656:17656): Para el ESI con el id: 002, se ejecuto el comando SET, para la clave futbol:messi y el valor TraemeLaCopa
[INFO] 12:39:09:807 ESI/(17656:17656): Para el ESI con el id: 002, se ejecuto el comando SET, para la clave futbol:messi y el valor TraemeLaCo
[INFO] 12:39:10:307 ESI/(17656:17656): Para el ESI con el id: 002, se ejecuto el comando SET, para la clave futbol:messi y el valor TraemeLaCopa
[INFO] 12:39:10:808 ESI/(17656:17656): Para el ESI con el id: 002, se ejecuto el comando SET, para la clave futbol:messi y el valor TraemeLaCo
[INFO] 12:39:11:308 ESI/(17656:17656): Para el ESI con el id: 002, se ejecuto el comando SET, para la clave futbol:messi y el valor PorqueMessi
[INFO] 12:39:11:808 ESI/(17656:17656): Para el ESI con el id: 002, se ejecuto el comando SET, para la clave futbol:messi y el valor SeLoMeressi
[INFO] 12:39:12:309 ESI/(17656:17656): Para el ESI con el id: 002, se ejecuto el comando SET, para la clave futbol:messi y el valor TraemeLaCopa
[INFO] 12:39:12:809 ESI/(17656:17656): Para el ESI con el id: 002, se ejecuto el comando STORE, para la clave futbol:messi
[INFO] 12:39:13:310 ESI/(17656:17656): Para el ESI con el id: 002, se ejecuto el comando STORE, para la clave futbol:ansaldi
[INFO] 12:39:14:310 ESI/(17656:17656): Para el ESI con el id: 003, se ejecuto el comando GET, para la clave futbol:messi
[INFO] 12:39:14:811 ESI/(17656:17656): Para el ESI con el id: 003, se ejecuto el comando SET, para la clave futbol:messi y el valor TraemeLaCopa
[INFO] 12:39:15:312 ESI/(17656:17656): Para el ESI con el id: 003, se ejecuto el comando STORE, para la clave futbol:messi
[INFO] 12:39:15:813 ESI/(17656:17656): Para el ESI con el id: 003, se ejecuto el comando GET, para la clave futbol:messi
[INFO] 12:39:16:313 ESI/(17656:17656): Para el ESI con el id: 003, se ejecuto el comando SET, para la clave futbol:messi y el valor TraemeLaCo
[INFO] 12:39:16:813 ESI/(17656:17656): Para el ESI con el id: 003, se ejecuto el comando STORE, para la clave futbol:messi
[INFO] 12:39:17:314 ESI/(17656:17656): Para el ESI con el id: 003, se ejecuto el comando GET, para la clave futbol:messi
[INFO] 12:39:17:814 ESI/(17656:17656): Para el ESI con el id: 003, se ejecuto el comando SET, para la clave futbol:messi y el valor TraemeLaCopa
[INFO] 12:39:18:315 ESI/(17656:17656): Para el ESI con el id: 003, se ejecuto el comando STORE, para la clave futbol:messi
[INFO] 12:39:18:815 ESI/(17656:17656): Para el ESI con el id: 003, se ejecuto el comando GET, para la clave futbol:messi
[INFO] 12:39:19:315 ESI/(17656:17656): Para el ESI con el id: 003, se ejecuto el comando SET, para la clave futbol:messi y el valor TraemeLaCo
[INFO] 12:39:19:815 ESI/(17656:17656): Para el ESI con el id: 003, se ejecuto el comando STORE, para la clave futbol:messi
[INFO] 12:39:20:315 ESI/(17656:17656): Para el ESI con el id: 003, se ejecuto el comando GET, para la clave futbol:messi
[INFO] 12:39:20:816 ESI/(17656:17656): Para el ESI con el id: 003, se ejecuto el comando SET, para la clave futbol:messi y el valor TraemeLaCopa
[INFO] 12:39:21:317 ESI/(17656:17656): Para el ESI con el id: 003, se ejecuto el comando STORE, para la clave futbol:messi
[INFO] 12:39:21:818 ESI/(17656:17656): Para el ESI con el id: 003, se ejecuto el comando GET, para la clave futbol:messi
[INFO] 12:39:22:319 ESI/(17656:17656): Para el ESI con el id: 003, se ejecuto el comando SET, para la clave futbol:messi y el valor TraemeLaCo
[INFO] 12:39:22:819 ESI/(17656:17656): Para el ESI con el id: 003, se ejecuto el comando STORE, para la clave futbol:messi
[INFO] 12:39:23:320 ESI/(17656:17656): Para el ESI con el id: 003, se ejecuto el comando GET, para la clave futbol:messi
[INFO] 12:39:23:820 ESI/(17656:17656): Para el ESI con el id: 003, se ejecuto el comando SET, para la clave futbol:messi y el valor TraemeLaCopa
[INFO] 12:39:24:320 ESI/(17656:17656): Para el ESI con el id: 003, se ejecuto el comando STORE, para la clave futbol:messi
[INFO] 12:39:24:820 ESI/(17656:17656): Para el ESI con el id: 003, se ejecuto el comando GET, para la clave futbol:messi
[INFO] 12:39:25:321 ESI/(17656:17656): Para el ESI con el id: 003, se ejecuto el comando SET, para la clave futbol:messi y el valor TraemeLaCo
[INFO] 12:39:25:821 ESI/(17656:17656): Para el ESI con el id: 003, se ejecuto el comando STORE, para la clave futbol:messi
[INFO] 12:39:26:321 ESI/(17656:17656): Para el ESI con el id: 003, se ejecuto el comando GET, para la clave futbol:messi
[INFO] 12:39:26:821 ESI/(17656:17656): Para el ESI con el id: 003, se ejecuto el comando SET, para la clave futbol:messi y el valor PorqueMessi
[INFO] 12:39:27:322 ESI/(17656:17656): Para el ESI con el id: 003, se ejecuto el comando STORE, para la clave futbol:messi
[INFO] 12:39:27:822 ESI/(17656:17656): Para el ESI con el id: 003, se ejecuto el comando GET, para la clave futbol:messi
[INFO] 12:39:28:322 ESI/(17656:17656): Para el ESI con el id: 003, se ejecuto el comando SET, para la clave futbol:messi y el valor SeLoMeressi
[INFO] 12:39:28:823 ESI/(17656:17656): Para el ESI con el id: 003, se ejecuto el comando STORE, para la clave futbol:messi
[INFO] 12:39:29:805 ESI/(17656:17658): Cargo correctamente el nuevo archivo. Se va a proceder a procesarlo.
[INFO] 12:39:29:823 ESI/(17656:17656): Para el ESI con el id: 004, se ejecuto el comando GET, para la clave futbol:messi
[INFO] 12:39:30:323 ESI/(17656:17656): Para el ESI con el id: 004, se ejecuto el comando SET, para la clave futbol:messi y el valor TraemeLaCopa
[INFO] 12:39:30:824 ESI/(17656:17656): Para el ESI con el id: 004, se ejecuto el comando STORE, para la clave futbol:messi
[INFO] 12:39:33:805 ESI/(17656:17658): Cargo correctamente el nuevo archivo. Se va a proceder a procesarlo.
[INFO] 12:39:33:825 ESI/(17656:17656): Para el ESI con el id: 005, se ejecuto el comando GET, para la clave futbol:ansaldi
[INFO] 12:39:34:326 ESI/(17656:17656): Para el ESI con el id: 005, se ejecuto el comando SET, para la clave futbol:ansaldi y el valor TraeVodka
[INFO] 12:39:34:826 ESI/(17656:17656): Para el ESI con el id: 005, se ejecuto el comando GET, para la clave futbol:messi
[INFO] 12:39:35:326 ESI/(17656:17656): Para el ESI con el id: 005, se ejecuto el comando SET, para la clave futbol:messi y el valor TraemeLaCopa
[INFO] 12:39:35:805 ESI/(17656:17658): Cargo correctamente el nuevo archivo. Se va a proceder a procesarlo.
[INFO] 12:39:35:826 ESI/(17656:17656): Para el ESI con el id: 005, se ejecuto el comando SET, para la clave futbol:messi y el valor TraemeLaCo
[INFO] 12:39:36:327 ESI/(17656:17656): Para el ESI con el id: 005, se ejecuto el comando SET, para la clave futbol:messi y el valor TraemeLaCopa
[INFO] 12:39:36:827 ESI/(17656:17656): Para el ESI con el id: 005, se ejecuto el comando SET, para la clave futbol:messi y el valor TraemeLaCo
[INFO] 12:39:37:327 ESI/(17656:17656): Para el ESI con el id: 005, se ejecuto el comando SET, para la clave futbol:messi y el valor TraemeLaCopa
[INFO] 12:39:37:828 ESI/(17656:17656): Para el ESI con el id: 005, se ejecuto el comando SET, para la clave futbol:messi y el valor TraemeLaCo
[INFO] 12:39:38:328 ESI/(17656:17656): Para el ESI con el id: 005, se ejecuto el comando SET, para la clave futbol:messi y el valor TraemeLaCopa
[INFO] 12:39:38:828 ESI/(17656:17656): Para el ESI con el id: 005, se ejecuto el comando SET, para la clave futbol:messi y el valor TraemeLaCo
[INFO] 12:39:39:329 ESI/(17656:17656): Para el ESI con el id: 005, se ejecuto el comando SET, para la clave futbol:messi y el valor PorqueMessi
[INFO] 12:39:39:806 ESI/(17656:17658): Cargo correctamente el nuevo archivo. Se va a proceder a procesarlo.
[INFO] 12:39:39:829 ESI/(17656:17656): Para el ESI con el id: 005, se ejecuto el comando SET, para la clave futbol:messi y el valor SeLoMeressi
[INFO] 12:39:40:331 ESI/(17656:17656): Para el ESI con el id: 005, se ejecuto el comando SET, para la clave futbol:messi y el valor TraemeLaCopa
[INFO] 12:39:40:831 ESI/(17656:17656): Para el ESI con el id: 005, se ejecuto el comando STORE, para la clave futbol:messi
[INFO] 12:39:41:332 ESI/(17656:17656): Para el ESI con el id: 005, se ejecuto el comando STORE, para la clave futbol:ansaldi
[INFO] 12:39:42:333 ESI/(17656:17656): Para el ESI con el id: 006, se ejecuto el comando GET, para la clave futbol:messi
[INFO] 12:39:42:833 ESI/(17656:17656): Para el ESI con el id: 006, se ejecuto el comando SET, para la clave futbol:messi y el valor TraemeLaCopa
[INFO] 12:39:43:333 ESI/(17656:17656): Para el ESI con el id: 006, se ejecuto el comando STORE, para la clave futbol:messi
[INFO] 12:39:43:834 ESI/(17656:17656): Para el ESI con el id: 006, se ejecuto el comando GET, para la clave futbol:messi
[INFO] 12:39:44:334 ESI/(17656:17656): Para el ESI con el id: 006, se ejecuto el comando SET, para la clave futbol:messi y el valor TraemeLaCo
[INFO] 12:39:44:834 ESI/(17656:17656): Para el ESI con el id: 006, se ejecuto el comando STORE, para la clave futbol:messi
[INFO] 12:39:45:335 ESI/(17656:17656): Para el ESI con el id: 006, se ejecuto el comando GET, para la clave futbol:messi
[INFO] 12:39:45:835 ESI/(17656:17656): Para el ESI con el id: 006, se ejecuto el comando SET, para la clave futbol:messi y el valor TraemeLaCopa
[INFO] 12:39:46:335 ESI/(17656:17656): Para el ESI con el id: 006, se ejecuto el comando STORE, para la clave futbol:messi
[INFO] 12:39:46:835 ESI/(17656:17656): Para el ESI con el id: 006, se ejecuto el comando GET, para la clave futbol:messi
[INFO] 12:39:47:336 ESI/(17656:17656): Para el ESI con el id: 006, se ejecuto el comando SET, para la clave futbol:messi y el valor TraemeLaCo
[INFO] 12:39:47:837 ESI/(17656:17656): Para el ESI con el id: 006, se ejecuto el comando STORE, para la clave futbol:messi
[INFO] 12:39:48:337 ESI/(17656:17656): Para el ESI con el id: 006, se ejecuto el comando GET, para la clave futbol:messi
[INFO] 12:39:48:838 ESI/(17656:17656): Para el ESI con el id: 006, se ejecuto el comando SET, para la clave futbol:messi y el valor TraemeLaCopa
[INFO] 12:39:49:338 ESI/(17656:17656): Para el ESI con el id: 006, se ejecuto el comando STORE, para la clave futbol:messi
[INFO] 12:39:49:807 ESI/(17656:17658): Cargo correctamente el nuevo archivo. Se va a proceder a procesarlo.
[INFO] 12:39:49:838 ESI/(17656:17656): Para el ESI con el id: 006, se ejecuto el comando GET, para la clave futbol:messi
[INFO] 12:39:50:339 ESI/(17656:17656): Para el ESI con el id: 006, se ejecuto el comando SET, para la clave futbol:messi y el valor TraemeLaCo
[INFO] 12:39:50:840 ESI/(17656:17656): Para el ESI con el id: 006, se ejecuto el comando STORE, para la clave futbol:messi
[INFO] 12:39:51:340 ESI/(17656:17656): Para el ESI con el id: 006, se ejecuto el comando GET, para la clave futbol:messi
[INFO] 12:39:51:841 ESI/(17656:17656): Para el ESI con el id: 006, se ejecuto el comando SET, para la clave futbol:messi y el valor TraemeLaCopa
[INFO] 12:39:52:341 ESI/(17656:17656): Para el ESI con el id: 006, se ejecuto el comando STORE, para la clave futbol:messi
[INFO] 12:39:52:841 ESI/(17656:17656): Para el ESI con el id: 006, se ejecuto el comando GET, para la clave futbol:messi
[INFO] 12:39:53:341 ESI/(17656:17656): Para el ESI con el id: 006, se ejecuto el comando SET, para la clave futbol:messi y el valor TraemeLaCo
[INFO] 12:39:53:842 ESI/(17656:17656): Para el ESI con el id: 006, se ejecuto el comando STORE, para la clave futbol:messi
[INFO] 12:39:54:342 ESI/(17656:17656): Para el ESI con el id: 006, se ejecuto el comando GET, para la clave futbol:messi
[INFO] 12:39:54:843 ESI/(17656:17656): Para el ESI con el id: 006, se ejecuto el comando SET, para la clave futbol:messi y el valor PorqueMessi
[INFO] 12:39:55:343 ESI/(17656:17656): Para el ESI con el id: 006, se ejecuto el comando STORE, para la clave futbol:messi
[INFO] 12:39:55:844 ESI/(17656:17656): Para el ESI con el id: 006, se ejecuto el comando GET, para la clave futbol:messi
[INFO] 12:39:56:344 ESI/(17656:17656): Para el ESI con el id: 006, se ejecuto el comando SET, para la clave futbol:messi y el valor SeLoMeressi
[INFO] 12:39:56:845 ESI/(17656:17656): Para el ESI con el id: 006, se ejecuto el comando STORE, para la clave futbol:messi
[INFO] 12:39:57:845 ESI/(17656:17656): Para el ESI con el id: 007, se ejecuto el comando GET, para la clave futbol:messi
[INFO] 12:39:58:346 ESI/(17656:17656): Para el ESI con el id: 007, se ejecuto el comando SET, para la clave futbol:messi y el valor TraemeLaCopa
[INFO] 12:39:58:847 ESI/(17656:17656): Para el ESI con el id: 007, se ejecuto el comando STORE, para la clave futbol:messi
[INFO] 12:39:59:848 ESI/(17656:17656): Para el ESI con el id: 008, se ejecuto el comando GET, para la clave futbol:ansaldi
[INFO] 12:40:00:348 ESI/(17656:17656): Para el ESI con el id: 008, se ejecuto el comando SET, para la clave futbol:ansaldi y el valor TraeVodka
[INFO] 12:40:00:849 ESI/(17656:17656): Para el ESI con el id: 008, se ejecuto el comando GET, para la clave futbol:messi
[INFO] 12:40:01:349 ESI/(17656:17656): Para el ESI con el id: 008, se ejecuto el comando SET, para la clave futbol:messi y el valor TraemeLaCopa
[INFO] 12:40:01:849 ESI/(17656:17656): Para el ESI con el id: 008, se ejecuto el comando SET, para la clave futbol:messi y el valor TraemeLaCo
[INFO] 12:40:02:349 ESI/(17656:17656): Para el ESI con el id: 008, se ejecuto el comando SET, para la clave futbol:messi y el valor TraemeLaCopa
[INFO] 12:40:02:849 ESI/(17656:17656): Para el ESI con el id: 008, se ejecuto el comando SET, para la clave futbol:messi y el valor TraemeLaCo
[INFO] 12:40:03:350 ESI/(17656:17656): Para el ESI con el id: 008, se ejecuto el comando SET, para la clave futbol:messi y el valor TraemeLaCopa
[INFO] 12:40:03:850 ESI/(17656:17656): Para el ESI con el id: 008, se ejecuto el comando SET, para la clave futbol:messi y el valor TraemeLaCo
[INFO] 12:40:04:351 ESI/(17656:17656): Para el ESI con el id: 008, se ejecuto el comando SET, para la clave futbol:messi y el valor TraemeLaCopa
[INFO] 12:40:04:851 ESI/(17656:17656): Para el ESI con el id: 008, se ejecuto el comando SET, para la clave futbol:messi y el valor TraemeLaCo
[INFO] 12:40:05:351 ESI/(17656:17656): Para el ESI con el id: 008, se ejecuto el comando SET, para la clave futbol:messi y el valor PorqueMessi
[INFO] 12:40:05:809 ESI/(17656:17658): Cargo correctamente el nuevo archivo. Se va a proceder a procesarlo.
[INFO] 12:40:05:851 ESI/(17656:17656): Para el ESI con el id: 008, se ejecuto el comando SET, para la clave futbol:messi y el valor SeLoMeressi
[INFO] 12:40:06:352 ESI/(17656:17656): Para el ESI con el id: 008, se ejecuto el comando SET, para la clave futbol:messi y el valor TraemeLaCopa
[INFO] 12:40:06:852 ESI/(17656:17656): Para el ESI con el id: 008, se ejecuto el comando STORE, para la clave futbol:messi
[INFO] 12:40:07:353 ESI/(17656:17656): Para el ESI con el id: 008, se ejecuto el comando STORE, para la clave futbol:ansaldi
[INFO] 12:40:08:354 ESI/(17656:17656): Para el ESI con el id: 009, se ejecuto el comando GET, para la clave futbol:messi
[INFO] 12:40:08:854 ESI/(17656:17656): Para el ESI con el id: 009, se ejecuto el comando SET, para la clave futbol:messi y el valor TraemeLaCopa
[INFO] 12:40:09:355 ESI/(17656:17656): Para el ESI con el id: 009, se ejecuto el comando STORE, para la clave futbol:messi
[INFO] 12:40:09:809 ESI/(17656:17658): Cargo correctamente el nuevo archivo. Se va a proceder a procesarlo.
[INFO] 12:40:09:855 ESI/(17656:17656): Para el ESI con el id: 009, se ejecuto el comando GET, para la clave futbol:messi
[INFO] 12:40:10:355 ESI/(17656:17656): Para el ESI con el id: 009, se ejecuto el comando SET, para la clave futbol:messi y el valor TraemeLaCo
[INFO] 12:40:10:855 ESI/(17656:17656): Para el ESI con el id: 009, se ejecuto el comando STORE, para la clave futbol:messi
[INFO] 12:40:11:356 ESI/(17656:17656): Para el ESI con el id: 009, se ejecuto el comando GET, para la clave futbol:messi
[INFO] 12:40:11:810 ESI/(17656:17658): Cargo correctamente el nuevo archivo. Se va a proceder a procesarlo.
[INFO] 12:40:11:856 ESI/(17656:17656): Para el ESI con el id: 009, se ejecuto el comando SET, para la clave futbol:messi y el valor TraemeLaCopa
[INFO] 12:40:12:356 ESI/(17656:17656): Para el ESI con el id: 009, se ejecuto el comando STORE, para la clave futbol:messi
[INFO] 12:40:12:857 ESI/(17656:17656): Para el ESI con el id: 009, se ejecuto el comando GET, para la clave futbol:messi
[INFO] 12:40:13:357 ESI/(17656:17656): Para el ESI con el id: 009, se ejecuto el comando SET, para la clave futbol:messi y el valor TraemeLaCo
[INFO] 12:40:13:857 ESI/(17656:17656): Para el ESI con el id: 009, se ejecuto el comando STORE, para la clave futbol:messi
[INFO] 12:40:14:358 ESI/(17656:17656): Para el ESI con el id: 009, se ejecuto el comando GET, para la clave futbol:messi
[INFO] 12:40:14:858 ESI/(17656:17656): Para el ESI con el id: 009, se ejecuto el comando SET, para la clave futbol:messi y el valor TraemeLaCopa
[INFO] 12:40:15:358 ESI/(17656:17656): Para el ESI con el id: 009, se ejecuto el comando STORE, para la clave futbol:messi
[INFO] 12:40:15:859 ESI/(17656:17656): Para el ESI con el id: 009, se ejecuto el comando GET, para la clave futbol:messi
[INFO] 12:40:16:360 ESI/(17656:17656): Para el ESI con el id: 009, se ejecuto el comando SET, para la clave futbol:messi y el valor TraemeLaCo
[INFO] 12:40:16:860 ESI/(17656:17656): Para el ESI con el id: 009, se ejecuto el comando STORE, para la clave futbol:messi
[INFO] 12:40:17:361 ESI/(17656:17656): Para el ESI con el id: 009, se ejecuto el comando GET, para la clave futbol:messi
[INFO] 12:40:17:861 ESI/(17656:17656): Para el ESI con el id: 009, se ejecuto el comando SET, para la clave futbol:messi y el valor TraemeLaCopa
[INFO] 12:40:18:361 ESI/(17656:17656): Para el ESI con el id: 009, se ejecuto el comando STORE, para la clave futbol:messi
[INFO] 12:40:18:862 ESI/(17656:17656): Para el ESI con el id: 009, se ejecuto el comando GET, para la clave futbol:messi
[INFO] 12:40:19:362 ESI/(17656:17656): Para el ESI con el id: 009, se ejecuto el comando SET, para la clave futbol:messi y el valor TraemeLaCo
[INFO] 12:40:19:862 ESI/(17656:17656): Para el ESI con el id: 009, se ejecuto el comando STORE, para la clave futbol:messi
[INFO] 12:40:20:363 ESI/(17656:17656): Para el ESI con el id: 009, se ejecuto el comando GET, para la clave futbol:messi
[INFO] 12:40:20:863 ESI/(17656:17656): Para el ESI con el id: 009, se ejecuto el comando SET, para la clave futbol:messi y el valor PorqueMessi
[INFO] 12:40:21:363 ESI/(17656:17656): Para el ESI con el id: 009, se ejecuto el comando STORE, para la clave futbol:messi
[INFO] 12:40:21:864 ESI/(17656:17656): Para el ESI con el id: 009, se ejecuto el comando GET, para la clave futbol:messi
[INFO] 12:40:22:364 ESI/(17656:17656): Para el ESI con el id: 009, se ejecuto el comando SET, para la clave futbol:messi y el valor SeLoMeressi
[INFO] 12:40:22:864 ESI/(17656:17656): Para el ESI con el id: 009, se ejecuto el comando STORE, para la clave futbol:messi
[INFO] 12:40:23:865 ESI/(17656:17656): Para el ESI con el id: 010, se ejecuto el comando GET, para la clave futbol:messi
[INFO] 12:40:24:365 ESI/(17656:17656): Para el ESI con el id: 010, se ejecuto el comando SET, para la clave futbol:messi y el valor TraemeLaCopa
[INFO] 12:40:24:865 ESI/(17656:17656): Para el ESI con el id: 010, se ejecuto el comando STORE, para la clave futbol:messi
[INFO] 12:40:25:866 ESI/(17656:17656): Para el ESI con el id: 011, se ejecuto el comando GET, para la clave futbol:ansaldi
[INFO] 12:40:26:366 ESI/(17656:17656): Para el ESI con el id: 011, se ejecuto el comando SET, para la clave futbol:ansaldi y el valor TraeVodka
[INFO] 12:40:26:866 ESI/(17656:17656): Para el ESI con el id: 011, se ejecuto el comando GET, para la clave futbol:messi
[INFO] 12:40:27:366 ESI/(17656:17656): Para el ESI con el id: 011, se ejecuto el comando SET, para la clave futbol:messi y el valor TraemeLaCopa
[INFO] 12:40:27:866 ESI/(17656:17656): Para el ESI con el id: 011, se ejecuto el comando SET, para la clave futbol:messi y el valor TraemeLaCo
[INFO] 12:40:28:366 ESI/(17656:17656): Para el ESI con el id: 011, se ejecuto el comando SET, para la clave futbol:messi y el valor TraemeLaCopa
[INFO] 12:40:28:867 ESI/(17656:17656): Para el ESI con el id: 011, se ejecuto el comando SET, para la clave futbol:messi y el valor TraemeLaCo
[INFO] 12:40:29:367 ESI/(17656:17656): Para el ESI con el id: 011, se ejecuto el comando SET, para la clave futbol:messi y el valor TraemeLaCopa
[INFO] 12:40:29:812 ESI/(17656:17658): Cargo correctamente el nuevo archivo. Se va a proceder a procesarlo.
[INFO] 12:40:29:868 ESI/(17656:17656): Para el ESI con el id: 011, se ejecuto el comando SET, para la clave futbol:messi y el valor TraemeLaCo
[INFO] 12:40:30:368 ESI/(17656:17656): Para el ESI con el id: 011, se ejecuto el comando SET, para la clave futbol:messi y el valor TraemeLaCopa
[INFO] 12:40:30:868 ESI/(17656:17656): Para el ESI con el id: 011, se ejecuto el comando SET, para la clave futbol:messi y el valor TraemeLaCo
[INFO] 12:40:31:368 ESI/(17656:17656): Para el ESI con el id: 011, se ejecuto el comando SET, para la clave futbol:messi y el valor PorqueMessi
[INFO] 12:40:31:812 ESI/(17656:17658): Cargo correctamente el nuevo archivo. Se va a proceder a procesarlo.
[INFO] 12:40:31:868 ESI/(17656:17656): Para el ESI con el id: 011, se ejecuto el comando SET, para la clave futbol:messi y el valor SeLoMeressi
[INFO] 12:40:32:368 ESI/(17656:17656): Para el ESI con el id: 011, se ejecuto el comando SET, para la clave futbol:messi y el valor TraemeLaCopa
[INFO] 12:40:32:869 ESI/(17656:17656): Para el ESI con el id: 011, se ejecuto el comando STORE, para la clave futbol:messi
[INFO] 12:40:33:369 ESI/(17656:17656): Para el ESI con el id: 011, se ejecuto el comando STORE, para la clave futbol:ansaldi
[INFO] 12:40:34:369 ESI/(17656:17656): Para el ESI con el id: 012, se ejecuto el comando GET, para la clave futbol:messi
[INFO] 12:40:34:869 ESI/(17656:17656): Para el ESI con el id: 012, se ejecuto el comando SET, para la clave futbol:messi y el valor TraemeLaCopa
[INFO] 12:40:35:370 ESI/(17656:17656): Para el ESI con el id: 012, se ejecuto el comando STORE, para la clave futbol:messi
[INFO] 12:40:35:870 ESI/(17656:17656): Para el ESI con el id: 012, se ejecuto el comando GET, para la clave futbol:messi
[INFO] 12:40:36:371 ESI/(17656:17656): Para el ESI con el id: 012, se ejecuto el comando SET, para la clave futbol:messi y el valor TraemeLaCo
[INFO] 12:40:36:871 ESI/(17656:17656): Para el ESI con el id: 012, se ejecuto el comando STORE, para la clave futbol:messi
[INFO] 12:40:37:372 ESI/(17656:17656): Para el ESI con el id: 012, se ejecuto el comando GET, para la clave futbol:messi
[INFO] 12:40:37:872 ESI/(17656:17656): Para el ESI con el id: 012, se ejecuto el comando SET, para la clave futbol:messi y el valor TraemeLaCopa
[INFO] 12:40:38:372 ESI/(17656:17656): Para el ESI con el id: 012, se ejecuto el comando STORE, para la clave futbol:messi
[INFO] 12:40:38:872 ESI/(17656:17656): Para el ESI con el id: 012, se ejecuto el comando GET, para la clave futbol:messi
[INFO] 12:40:39:372 ESI/(17656:17656): Para el ESI con el id: 012, se ejecuto el comando SET, para la clave futbol:messi y el valor TraemeLaCo
[INFO] 12:40:39:814 ESI/(17656:17658): Cargo correctamente el nuevo archivo. Se va a proceder a procesarlo.
[INFO] 12:40:39:873 ESI/(17656:17656): Para el ESI con el id: 012, se ejecuto el comando STORE, para la clave futbol:messi
[INFO] 12:40:40:373 ESI/(17656:17656): Para el ESI con el id: 012, se ejecuto el comando GET, para la clave futbol:messi
[INFO] 12:40:40:874 ESI/(17656:17656): Para el ESI con el id: 012, se ejecuto el comando SET, para la clave futbol:messi y el valor TraemeLaCopa
[INFO] 12:40:41:374 ESI/(17656:17656): Para el ESI con el id: 012, se ejecuto el comando STORE, para la clave futbol:messi
[INFO] 12:40:41:875 ESI/(17656:17656): Para el ESI con el id: 012, se ejecuto el comando GET, para la clave futbol:messi
[INFO] 12:40:42:375 ESI/(17656:17656): Para el ESI con el id: 012, se ejecuto el comando SET, para la clave futbol:messi y el valor TraemeLaCo
[INFO] 12:40:42:875 ESI/(17656:17656): Para el ESI con el id: 012, se ejecuto el comando STORE, para la clave futbol:messi
[INFO] 12:40:43:375 ESI/(17656:17656): Para el ESI con el id: 012, se ejecuto el comando GET, para la clave futbol:messi
[INFO] 12:40:43:876 ESI/(17656:17656): Para el ESI con el id: 012, se ejecuto el comando SET, para la clave futbol:messi y el valor TraemeLaCopa
[INFO] 12:40:44:376 ESI/(17656:17656): Para el ESI con el id: 012, se ejecuto el comando STORE, para la clave futbol:messi
[INFO] 12:40:44:876 ESI/(17656:17656): Para el ESI con el id: 012, se ejecuto el comando GET, para la clave futbol:messi
[INFO] 12:40:45:377 ESI/(17656:17656): Para el ESI con el id: 012, se ejecuto el comando SET, para la clave futbol:messi y el valor TraemeLaCo
[INFO] 12:40:45:877 ESI/(17656:17656): Para el ESI con el id: 012, se ejecuto el comando STORE, para la clave futbol:messi
[INFO] 12:40:46:377 ESI/(17656:17656): Para el ESI con el id: 012, se ejecuto el comando GET, para la clave futbol:messi
[INFO] 12:40:46:877 ESI/(17656:17656): Para el ESI con el id: 012, se ejecuto el comando SET, para la clave futbol:messi y el valor PorqueMessi
[INFO] 12:40:47:377 ESI/(17656:17656): Para el ESI con el id: 012, se ejecuto el comando STORE, para la clave futbol:messi
[INFO] 12:40:47:878 ESI/(17656:17656): Para el ESI con el id: 012, se ejecuto el comando GET, para la clave futbol:messi
[INFO] 12:40:48:378 ESI/(17656:17656): Para el ESI con el id: 012, se ejecuto el comando SET, para la clave futbol:messi y el valor SeLoMeressi
[INFO] 12:40:48:878 ESI/(17656:17656): Para el ESI con el id: 012, se ejecuto el comando STORE, para la clave futbol:messi
[INFO] 12:40:49:879 ESI/(17656:17656): Para el ESI con el id: 013, se ejecuto el comando GET, para la clave futbol:messi
[INFO] 12:40:50:379 ESI/(17656:17656): Para el ESI con el id: 013, se ejecuto el comando SET, para la clave futbol:messi y el valor TraemeLaCopa
[INFO] 12:40:50:880 ESI/(17656:17656): Para el ESI con el id: 013, se ejecuto el comando STORE, para la clave futbol:messi
[INFO] 12:40:51:880 ESI/(17656:17656): Para el ESI con el id: 014, se ejecuto el comando GET, para la clave futbol:ansaldi
[INFO] 12:40:52:380 ESI/(17656:17656): Para el ESI con el id: 014, se ejecuto el comando SET, para la clave futbol:ansaldi y el valor TraeVodka
[INFO] 12:40:52:881 ESI/(17656:17656): Para el ESI con el id: 014, se ejecuto el comando GET, para la clave futbol:messi
[INFO] 12:40:53:381 ESI/(17656:17656): Para el ESI con el id: 014, se ejecuto el comando SET, para la clave futbol:messi y el valor TraemeLaCopa
[INFO] 12:40:53:882 ESI/(17656:17656): Para el ESI con el id: 014, se ejecuto el comando SET, para la clave futbol:messi y el valor TraemeLaCo
[INFO] 12:40:54:383 ESI/(17656:17656): Para el ESI con el id: 014, se ejecuto el comando SET, para la clave futbol:messi y el valor TraemeLaCopa
[INFO] 12:40:54:883 ESI/(17656:17656): Para el ESI con el id: 014, se ejecuto el comando SET, para la clave futbol:messi y el valor TraemeLaCo
[INFO] 12:40:55:384 ESI/(17656:17656): Para el ESI con el id: 014, se ejecuto el comando SET, para la clave futbol:messi y el valor TraemeLaCopa
[INFO] 12:40:55:884 ESI/(17656:17656): Para el ESI con el id: 014, se ejecuto el comando SET, para la clave futbol:messi y el valor TraemeLaCo
[INFO] 12:40:56:384 ESI/(17656:17656): Para el ESI con el id: 014, se ejecuto el comando SET, para la clave futbol:messi y el valor TraemeLaCopa
[INFO] 12:40:56:884 ESI/(17656:17656): Para el ESI con el id: 014, se ejecuto el comando SET, para la clave futbol:messi y el valor TraemeLaCo
[INFO] 12:40:57:385 ESI/(17656:17656): Para el ESI con el id: 014, se ejecuto el comando SET, para la clave futbol:messi y el valor PorqueMessi
[INFO] 12:40:57:885 ESI/(17656:17656): Para el ESI con el id: 014, se ejecuto el comando SET, para la clave futbol:messi y el valor SeLoMeressi
[INFO] 12:40:58:385 ESI/(17656:17656): Para el ESI con el id: 014, se ejecuto el comando SET, para la clave futbol:messi y el valor TraemeLaCopa
[INFO] 12:40:58:886 ESI/(17656:17656): Para el ESI con el id: 014, se ejecuto el comando STORE, para la clave futbol:messi
[INFO] 12:40:59:386 ESI/(17656:17656): Para el ESI con el id: 014, se ejecuto el comando STORE, para la clave futbol:ansaldi
