[INFO] 17:24:01:625 Instancia/(24935:24935): Se inicio cargo correctamente el archivo de configuración.
[INFO] 17:24:01:625 Instancia/(24935:24935): Se inicio la Instancia con el siguiente Algoritmo de Reemplazo: BSU
[INFO] 17:24:01:625 Instancia/(24935:24935): Archivo de configuracion leido correctamente
[INFO] 17:24:01:625 Instancia/(24935:24935): Existe el punto de montaje, se va a proceder a crear el punto de montaje.
[INFO] 17:24:01:625 Instancia/(24935:24935): El punto de montaje se creo exitosamente.
[ERROR] 17:24:01:625 Instancia/(24935:24935): Se detectó el siguiente error al abrir el directorio: No such file or directory
[INFO] 17:24:01:626 Instancia/(24935:24935): Se recibio un SET del Coordinador, se va a pasar a procesar.
[INFO] 17:24:01:626 Instancia/(24935:24935): Se agrego la nueva entrada en la lista de Entradas Administrativas.
[INFO] 17:24:40:91 Instancia/(24976:24976): Se inicio cargo correctamente el archivo de configuración.
[INFO] 17:24:40:91 Instancia/(24976:24976): Se inicio la Instancia con el siguiente Algoritmo de Reemplazo: BSU
[INFO] 17:24:40:91 Instancia/(24976:24976): Archivo de configuracion leido correctamente
[INFO] 17:24:41:683 Instancia/(24976:24976): Se recibio un SET del Coordinador, se va a pasar a procesar.
[INFO] 17:24:41:683 Instancia/(24976:24976): Se agrego la nueva entrada en la lista de Entradas Administrativas.
[INFO] 17:24:53:774 Instancia/(25024:25024): Se inicio cargo correctamente el archivo de configuración.
[INFO] 17:24:53:774 Instancia/(25024:25024): Se inicio la Instancia con el siguiente Algoritmo de Reemplazo: BSU
[INFO] 17:24:53:774 Instancia/(25024:25024): Archivo de configuracion leido correctamente
[INFO] 17:24:57:338 Instancia/(25024:25024): Se recibio un SET del Coordinador, se va a pasar a procesar.
[INFO] 17:25:52:152 Instancia/(25112:25112): Se inicio cargo correctamente el archivo de configuración.
[INFO] 17:25:52:152 Instancia/(25112:25112): Se inicio la Instancia con el siguiente Algoritmo de Reemplazo: BSU
[INFO] 17:25:52:152 Instancia/(25112:25112): Archivo de configuracion leido correctamente
[INFO] 17:25:52:152 Instancia/(25112:25112): Se recibio un SET del Coordinador, se va a pasar a procesar.
[INFO] 17:25:52:152 Instancia/(25112:25112): Se agrego la nueva entrada en la lista de Entradas Administrativas.
[INFO] 17:25:52:152 Instancia/(25112:25112): Se proceso correctamente el SET y se envio al Coordinador la respuesta del SET.
[INFO] 17:25:52:152 Instancia/(25112:25112): Se recibio un SET del Coordinador, se va a pasar a procesar.
[INFO] 17:25:52:152 Instancia/(25112:25112): Se agrego la nueva entrada en la lista de Entradas Administrativas.
[INFO] 17:25:52:152 Instancia/(25112:25112): Se proceso correctamente el SET y se envio al Coordinador la respuesta del SET.
[INFO] 17:25:52:152 Instancia/(25112:25112): Se recibio un SET del Coordinador, se va a pasar a procesar.
[INFO] 17:25:52:152 Instancia/(25112:25112): Se agrego la nueva entrada en la lista de Entradas Administrativas.
[INFO] 17:25:52:152 Instancia/(25112:25112): Se proceso correctamente el SET y se envio al Coordinador la respuesta del SET.
[INFO] 17:25:52:152 Instancia/(25112:25112): Se recibio un SET del Coordinador, se va a pasar a procesar.
[INFO] 17:25:52:152 Instancia/(25112:25112): Se agrego la nueva entrada en la lista de Entradas Administrativas.
[INFO] 17:25:52:152 Instancia/(25112:25112): Se proceso correctamente el SET y se envio al Coordinador la respuesta del SET.
[INFO] 17:25:52:152 Instancia/(25112:25112): Se recibio un SET del Coordinador, se va a pasar a procesar.
[INFO] 17:25:52:152 Instancia/(25112:25112): Se agrego la nueva entrada en la lista de Entradas Administrativas.
[INFO] 17:25:52:152 Instancia/(25112:25112): Se proceso correctamente el SET y se envio al Coordinador la respuesta del SET.
[INFO] 17:25:52:152 Instancia/(25112:25112): Se recibio un SET del Coordinador, se va a pasar a procesar.
[INFO] 17:25:52:152 Instancia/(25112:25112): Se agrego la nueva entrada en la lista de Entradas Administrativas.
[INFO] 17:25:52:152 Instancia/(25112:25112): Se proceso correctamente el SET y se envio al Coordinador la respuesta del SET.
[INFO] 17:26:27:726 Instancia/(25211:25211): Se inicio cargo correctamente el archivo de configuración.
[INFO] 17:26:27:730 Instancia/(25211:25211): Se inicio la Instancia con el siguiente Algoritmo de Reemplazo: BSU
[INFO] 17:26:27:730 Instancia/(25211:25211): Archivo de configuracion leido correctamente
[INFO] 17:26:27:730 Instancia/(25211:25211): Existe el punto de montaje, se va a proceder a crear el punto de montaje.
[INFO] 17:26:27:730 Instancia/(25211:25211): El punto de montaje se creo exitosamente.
[ERROR] 17:26:27:730 Instancia/(25211:25211): Se detectó el siguiente error al abrir el directorio: No such file or directory
[INFO] 17:26:27:730 Instancia/(25211:25211): Se recibio un SET del Coordinador, se va a pasar a procesar.
[INFO] 17:26:27:730 Instancia/(25211:25211): Se agrego la nueva entrada en la lista de Entradas Administrativas.
[INFO] 17:26:27:730 Instancia/(25211:25211): Se proceso correctamente el SET y se envio al Coordinador la respuesta del SET.
[INFO] 17:26:27:730 Instancia/(25211:25211): Se recibio un SET del Coordinador, se va a pasar a procesar.
[INFO] 17:26:27:730 Instancia/(25211:25211): Se agrego la nueva entrada en la lista de Entradas Administrativas.
[INFO] 17:26:27:730 Instancia/(25211:25211): Se proceso correctamente el SET y se envio al Coordinador la respuesta del SET.
[INFO] 17:26:27:730 Instancia/(25211:25211): Se recibio un SET del Coordinador, se va a pasar a procesar.
[INFO] 17:26:27:730 Instancia/(25211:25211): Se agrego la nueva entrada en la lista de Entradas Administrativas.
[INFO] 17:26:27:730 Instancia/(25211:25211): Se proceso correctamente el SET y se envio al Coordinador la respuesta del SET.
[INFO] 17:26:27:730 Instancia/(25211:25211): Se recibio un SET del Coordinador, se va a pasar a procesar.
[INFO] 17:26:27:730 Instancia/(25211:25211): Se agrego la nueva entrada en la lista de Entradas Administrativas.
[INFO] 17:26:27:730 Instancia/(25211:25211): Se proceso correctamente el SET y se envio al Coordinador la respuesta del SET.
[INFO] 17:26:27:730 Instancia/(25211:25211): Se recibio un SET del Coordinador, se va a pasar a procesar.
[INFO] 17:26:27:730 Instancia/(25211:25211): Se agrego la nueva entrada en la lista de Entradas Administrativas.
[INFO] 17:26:27:730 Instancia/(25211:25211): Se proceso correctamente el SET y se envio al Coordinador la respuesta del SET.
[INFO] 17:26:27:730 Instancia/(25211:25211): Se recibio un SET del Coordinador, se va a pasar a procesar.
[INFO] 17:26:27:730 Instancia/(25211:25211): Se agrego la nueva entrada en la lista de Entradas Administrativas.
[INFO] 17:26:27:730 Instancia/(25211:25211): Se proceso correctamente el SET y se envio al Coordinador la respuesta del SET.
